The following commenters are already collaborators:
- AlbertHLam
- CWL199
- Chankyg
- E11IEss
- HA-JF
- IamTak
- JackySze388
- JerrySHek
- JustinPong
- Kurt51
- LondonHong
- Olivermo2
- Sing0424
- Super169
- WinsonLiGeneration
- YUEN-YU-WING
- altk216
- asonhung
- awh33
- bensonhacims2
- bobbyleung001-2
- ccw602
- congeewkm
- ctchak97
- dannymoktc
- dickykwong
- eloihk
- ewwk
- gabriel888chow
- hadennis
- halawrence
- happyterrylol
- harry33321
- harrysin596
- hgc82207
- hofai2k
- hrmana
- ianklfong
- jolam-developer
- kenyuwin
- kerokkero
- lsw801
- lusc-ha
- matthew-ch-ma
- michyee699
- mollyng113
- shunfu1996
- winsonliwh

The following collaborators already had files:
- AlbertHLam
- CWL199
- Chankyg
- JackySze388
- JerrySHek
- JustinPong
- LondonHong
- WinsonLiGeneration
- ccw602
- congeewkm
- dannymoktc
- halawrence
- harry33321
- harrysin596
- hgc82207
- lsw801
- shunfu1996
- winsonliwh
- E11IEss
- HA-JF
- IamTak
- Kurt51
- Olivermo2
- Sing0424
- Super169
- YUEN-YU-WING
- altk216
- asonhung
- awh33
- bensonhacims2
- bobbyleung001-2
- ctchak97
- dickykwong
- eloihk
- ewwk
- gabriel888chow
- hadennis
- happyterrylol
- hofai2k
- hrmana
- ianklfong
- jolam-developer
- kenyuwin
- kerokkero
- lusc-ha
- matthew-ch-ma
- michyee699
- mollyng113